@ NAME             %09s "PTC_TWISS"
@ TYPE             %05s "TWISS"
@ SEQUENCE         %06s "GANTRY"
@ PARTICLE         %06s "PROTON"
@ MASS             %le      0.938272088
@ CHARGE           %le      1.000000000
@ ENERGY           %le   3606.583680760
@ PC               %le   3606.583558712
@ GAMMA            %le   3843.856943281
@ KBUNCH           %le      1.000000000
@ BCURRENT         %le      0.002512594
@ SIGE             %le      0.001000000
@ SIGT             %le      1.000000000
@ NPART            %le  1250000000.000000000
@ EX               %le      0.000652878
@ EY               %le      0.000652878
@ ET               %le      0.001000000
@ DELTAP           %le      0.000000000
@ LENGTH           %le     23.895647318
@ ALPHA_C          %le  -1000000.000000000
@ ALPHA_C_P        %le  -1000000.000000000
@ ALPHA_C_P2       %le  -1000000.000000000
@ ALPHA_C_P3       %le  -1000000.000000000
@ ETA_C            %le  -1000000.000000000
@ GAMMA_TR         %le  -1000000.000000000
@ Q1               %le      0.220350483
@ Q2               %le      1.065692139
@ DQ1              %le  -1000000.000000000
@ DQ2              %le  -1000000.000000000
@ QS               %le  -1000000.000000000
@ BETA_X_MIN       %le      8.243970000
@ BETA_X_MAX       %le     32.718081201
@ BETA_Y_MIN       %le      0.142471989
@ BETA_Y_MAX       %le     84.438320484
@ BETA11MIN        %le      8.243970000
@ BETA11MAX        %le     32.718081201
@ BETA12MIN        %le      0.000000000
@ BETA12MAX        %le      0.000000000
@ BETA13MIN        %le      0.000000000
@ BETA13MAX        %le      0.000000000
@ BETA21MIN        %le      0.000000000
@ BETA21MAX        %le      0.000000000
@ BETA22MIN        %le      0.142471989
@ BETA22MAX        %le     84.438320484
@ BETA23MIN        %le      0.000000000
@ BETA23MAX        %le      0.000000000
@ BETA31MIN        %le      0.000000000
@ BETA31MAX        %le      0.000000000
@ BETA32MIN        %le      0.000000000
@ BETA32MAX        %le      0.000000000
@ BETA33MIN        %le      0.000000000
@ BETA33MAX        %le      0.000000000
@ DISP1MIN         %le      0.000000000
@ DISP1MAX         %le      0.000000000
@ DISP2MIN         %le      0.000000000
@ DISP2MAX         %le      0.000000000
@ DISP3MIN         %le      0.000000000
@ DISP3MAX         %le      0.000000000
@ DISP4MIN         %le      0.000000000
@ DISP4MAX         %le      0.000000000
@ ORBIT_X          %le      0.000000000
@ ORBIT_PX         %le      0.000000000
@ ORBIT_Y          %le      0.000000000
@ ORBIT_PY         %le      0.000000000
@ ORBIT_PT         %le      0.000000000
@ ORBIT_T          %le      0.000000000
@ XCORMS           %le      0.000119118
@ PXCORMS          %le      0.000015942
@ YCORMS           %le      0.000000000
@ PYCORMS          %le      0.000000000
@ TCORMS           %le      0.000000000
@ PTCORMS          %le      0.000000000
@ XCOMIN           %le     -0.000273649
@ XCOMAX           %le      0.000000000
@ PXCOMIN          %le     -0.000027890
@ PXCOMAX          %le      0.000000000
@ YCOMIN           %le      0.000000000
@ YCOMAX           %le      0.000000000
@ PYCOMIN          %le      0.000000000
@ PYCOMAX          %le      0.000000000
@ TCOMIN           %le     -0.000000000
@ TCOMAX           %le     -0.000000000
@ PTCOMIN          %le      0.000000000
@ PTCOMAX          %le      0.000000000
@ TITLE            %01s "s"
@ ORIGIN           %16s "5.09.00 Linux 64"
@ DATE             %08s "08/11/23"
@ TIME             %08s "11.47.47"
* NAME               KEYWORD                          S               L         SIGMA_X         SIGMA_Y            BETX            BETY              DX              DY             MUX             MUY 
$ %s                 %s                             %le             %le             %le             %le             %le             %le             %le             %le             %le             %le 
 "GANTRY$START"      "MARKER"                0.000000000     0.000000000     0.000000000     0.000000000     8.243970000     8.243970000     0.000000000     0.000000000     0.000000000     0.000000000
 "MARK0"             "MARKER"                0.000000000     0.000000000     0.000000000     0.000000000     8.243970000     8.243970000     0.000000000     0.000000000     0.000000000     0.000000000
 "DRIFT_0"           "DRIFT"                 2.000000000     2.000000000     0.000000000     0.000000000     8.729173124     8.729173124     0.000000000     0.000000000     0.000000000     0.000000000
 "MON0"              "MONITOR"               2.000000000     0.000000000     0.000000000     0.000000000     8.729173124     8.729173124     0.000000000     0.000000000     0.000000000     0.000000000
 "DRIFT_1"           "DRIFT"                 2.200000000     0.200000000     0.000000000     0.000000000     8.831065780     8.831065780     0.000000000     0.000000000     0.000000000     0.000000000
 "CORR1"             "KICKER"                2.200000000     0.000000000     0.000000000     0.000000000     8.831065780     8.831065780     0.000000000     0.000000000     0.000000000     0.000000000
 "DRIFT_2"           "DRIFT"                 2.600000000     0.400000000     0.000000000     0.000000000     9.063963280     9.063963280     0.000000000     0.000000000     0.000000000     0.000000000
 "Q0"                "QUADRUPOLE"            3.100000000     0.500000000     0.000000000     0.000000000     9.409670506     9.409670506     0.000000000     0.000000000     0.000000000     0.000000000
 "DRIFT_3"           "DRIFT"                 3.350000000     0.250000000     0.000000000     0.000000000     9.605268015     9.605268015     0.000000000     0.000000000     0.000000000     0.000000000
 "Q1"                "QUADRUPOLE"            3.850000000     0.500000000     0.000000000     0.000000000    10.041950827    10.041950827     0.000000000     0.000000000     0.000000000     0.000000000
 "DRIFT_4"           "DRIFT"                 4.400000000     0.550000000     0.000000000     0.000000000    10.592353121    10.592353121     0.000000000     0.000000000     0.000000000     0.000000000
 "MON1"              "MONITOR"               4.400000000     0.000000000     0.000000000     0.000000000    10.592353121    10.592353121     0.000000000     0.000000000     0.000000000     0.000000000
 "DRIFT_5"           "DRIFT"                 5.265000000     0.865000000     0.000000000     0.000000000    11.606454944    11.606454944     0.000000000     0.000000000     0.000000000     0.000000000
 "Q2"                "QUADRUPOLE"            5.440000000     0.175000000     0.000000000     0.000000000    11.833696794    11.833696794     0.000000000     0.000000000     0.000000000     0.000000000
 "DRIFT_6"           "DRIFT"                 5.815000000     0.375000000     0.000000000     0.000000000    12.345661903    12.345661903     0.000000000     0.000000000     0.000000000     0.000000000
 "ML1"               "MULTIPOLE"             5.815000000     0.000000000     0.000000000     0.000000000    12.345661903    12.345661903     0.000000000     0.000000000     0.000000000     0.000000000
 "MB1"               "RBEND"                 7.110906970     1.295906970     0.000000000     0.000000000    13.832136057     7.264167433     0.000000000     0.000000000     0.000000000     0.000000000
 "ML2"               "MULTIPOLE"             7.110906970     0.000000000     0.000000000     0.000000000    13.832136057     7.264167433     0.000000000     0.000000000     0.000000000     0.000000000
 "DRIFT_7"           "DRIFT"                 7.485906970     0.375000000     0.000000000     0.000000000    14.264494736     4.968185977     0.000000000     0.000000000     0.000000000     0.000000000
 "Q3"                "QUADRUPOLE"            7.660906970     0.175000000     0.000000000     0.000000000    14.475392534     4.061568273     0.000000000     0.000000000     0.000000000     0.000000000
 "DRIFT_8"           "DRIFT"                 8.510906970     0.850000000     0.000000000     0.000000000    15.582401303     1.150122482     0.000000000     0.000000000     0.000000000     0.000000000
 "MON2"              "MONITOR"               8.510906970     0.000000000     0.000000000     0.000000000    15.582401303     1.150122482     0.000000000     0.000000000     0.000000000     0.000000000
 "DRIFT_9"           "DRIFT"                 9.769906970     1.259000000     0.000000000     0.000000000    17.473955697     1.385176686     0.000000000     0.000000000     0.000000000     0.000000000
 "Q4"                "QUADRUPOLE"           10.269906970     0.500000000     0.000000000     0.000000000    18.308599363     2.984781334     0.000000000     0.000000000     0.000000000     0.000000000
 "DRIFT_10"          "DRIFT"                10.669906970     0.400000000     0.000000000     0.000000000    19.010464417     4.881010623     0.000000000     0.000000000     0.000000000     0.000000000
 "CORR2"             "KICKER"               10.669906970     0.000000000     0.000000000     0.000000000    19.010464417     4.881010623     0.000000000     0.000000000     0.000000000     0.000000000
 "DRIFT_11"          "DRIFT"                11.910906970     1.241000000     0.000000000     0.000000000    21.381184280    14.251793498     0.000000000     0.000000000     0.000000000     0.000000000
 "Q5"                "QUADRUPOLE"           12.410906970     0.500000000     0.000000000     0.000000000    22.418926303    19.518131669     0.000000000     0.000000000     0.000000000     0.000000000
 "DRIFT_12"          "DRIFT"                12.810906970     0.400000000     0.000000000     0.000000000    23.283270043    24.347747776     0.000000000     0.000000000     0.000000000     0.000000000
 "CORR3"             "KICKER"               12.810906970     0.000000000     0.000000000     0.000000000    23.283270043    24.347747776     0.000000000     0.000000000     0.000000000     0.000000000
 "DRIFT_13"          "DRIFT"                13.662906970     0.852000000     0.000000000     0.000000000    25.225511293    36.461695716     0.000000000     0.000000000     0.000000000     0.000000000
 "Q6"                "QUADRUPOLE"           13.837906970     0.175000000     0.000000000     0.000000000    25.641494795    39.257691062     0.000000000     0.000000000     0.000000000     0.000000000
 "DRIFT_14"          "DRIFT"                14.212906970     0.375000000     0.000000000     0.000000000    26.552453188    45.602338893     0.000000000     0.000000000     0.000000000     0.000000000
 "ML3"               "MULTIPOLE"            14.212906970     0.000000000     0.000000000     0.000000000    26.552453188    45.602338893     0.000000000     0.000000000     0.000000000     0.000000000
 "MB2"               "RBEND"                15.508813939     1.295906970     0.000000000     0.000000000    28.871415449    39.989259000     0.000000000     0.000000000     0.000000000     0.000000000
 "ML4"               "MULTIPOLE"            15.508813939     0.000000000     0.000000000     0.000000000    28.871415449    39.989259000     0.000000000     0.000000000     0.000000000     0.000000000
 "DRIFT_15"          "DRIFT"                15.883813939     0.375000000     0.000000000     0.000000000    29.433982575    31.673345687     0.000000000     0.000000000     0.000000000     0.000000000
 "Q7"                "QUADRUPOLE"           16.058813939     0.175000000     0.000000000     0.000000000    29.701673398    28.126654441     0.000000000     0.000000000     0.000000000     0.000000000
 "DRIFT_16"          "DRIFT"                16.508813939     0.450000000     0.000000000     0.000000000    30.405097680    19.982764837     0.000000000     0.000000000     0.000000000     0.000000000
 "Q8"                "QUADRUPOLE"           16.683813939     0.175000000     0.000000000     0.000000000    30.684514633    17.195319725     0.000000000     0.000000000     0.000000000     0.000000000
 "DRIFT_17"          "DRIFT"                17.058813939     0.375000000     0.000000000     0.000000000    31.294321312    11.938083699     0.000000000     0.000000000     0.000000000     0.000000000
 "ML5"               "MULTIPOLE"            17.058813939     0.000000000     0.000000000     0.000000000    31.294321312    11.938083699     0.000000000     0.000000000     0.000000000     0.000000000
 "MB3"               "RBEND"                18.354720909     1.295906970     0.000000000     0.000000000    32.503802968     0.142471989     0.000000000     0.000000000     0.000000000     0.000000000
 "ML6"               "MULTIPOLE"            18.354720909     0.000000000     0.000000000     0.000000000    32.503802968     0.142471989     0.000000000     0.000000000     0.000000000     0.000000000
 "DRIFT_18"          "DRIFT"                18.854720909     0.500000000     0.000000000     0.000000000    32.718081201     2.077740823     0.000000000     0.000000000     0.000000000     0.000000000
 "ML7"               "MULTIPOLE"            18.854720909     0.000000000     0.000000000     0.000000000    32.718081201     2.077740823     0.000000000     0.000000000     0.000000000     0.000000000
 "MB4"               "RBEND"                20.150627878     1.295906970     0.000000000     0.000000000    32.484834036    19.751177349     0.000000000     0.000000000     0.000000000     0.000000000
 "ML8"               "MULTIPOLE"            20.150627878     0.000000000     0.000000000     0.000000000    32.484834036    19.751177349     0.000000000     0.000000000     0.000000000     0.000000000
 "DRIFT_19"          "DRIFT"                21.095647318     0.945019440     0.000000000     0.000000000    31.724289901    31.761984552     0.000000000     0.000000000     0.000000000     0.000000000
 "SMX"               "MARKER"               21.095647318     0.000000000     0.000000000     0.000000000    31.724289901    31.761984552     0.000000000     0.000000000     0.000000000     0.000000000
 "DRIFT_20"          "DRIFT"                21.545647318     0.450000000     0.000000000     0.000000000    31.384858930    38.504379373     0.000000000     0.000000000     0.000000000     0.000000000
 "SMY"               "MARKER"               21.545647318     0.000000000     0.000000000     0.000000000    31.384858930    38.504379373     0.000000000     0.000000000     0.000000000     0.000000000
 "DRIFT_21"          "DRIFT"                23.095647318     1.550000000     0.000000000     0.000000000    30.327930708    66.780362608     0.000000000     0.000000000     0.000000000     0.000000000
 "MON3"              "MONITOR"              23.095647318     0.000000000     0.000000000     0.000000000    30.327930708    66.780362608     0.000000000     0.000000000     0.000000000     0.000000000
 "DRIFT_22"          "DRIFT"                23.895647318     0.800000000     0.000000000     0.000000000    29.850477124    84.438320484     0.000000000     0.000000000     0.000000000     0.000000000
 "MON4"              "MONITOR"              23.895647318     0.000000000     0.000000000     0.000000000    29.850477124    84.438320484     0.000000000     0.000000000     0.000000000     0.000000000
 "ISO"               "MARKER"               23.895647318     0.000000000     0.000000000     0.000000000    29.850477124    84.438320484     0.000000000     0.000000000     0.000000000     0.000000000
 "GANTRY$END"        "MARKER"               23.895647318     0.000000000     0.000000000     0.000000000    29.850477124    84.438320484     0.000000000     0.000000000     0.000000000     0.000000000
