@ NAME             %09s "PTC_TWISS"
@ TYPE             %05s "TWISS"
@ SEQUENCE         %06s "GANTRY"
@ PARTICLE         %08s "POSITRON"
@ MASS             %le      0.000510999
@ CHARGE           %le      1.000000000
@ ENERGY           %le      1.000000000
@ PC               %le      0.999999869
@ GAMMA            %le   1956.951183559
@ KBUNCH           %le      1.000000000
@ BCURRENT         %le      0.000000000
@ SIGE             %le      0.001000000
@ SIGT             %le      1.000000000
@ NPART            %le      1.000000000
@ EX               %le      1.000000000
@ EY               %le      1.000000000
@ ET               %le      0.001000000
@ DELTAP           %le      0.000000000
@ LENGTH           %le     17.839048020
@ ALPHA_C          %le  -1000000.000000000
@ ALPHA_C_P        %le  -1000000.000000000
@ ALPHA_C_P2       %le  -1000000.000000000
@ ALPHA_C_P3       %le  -1000000.000000000
@ ETA_C            %le  -1000000.000000000
@ GAMMA_TR         %le  -1000000.000000000
@ Q1               %le      1.206187574
@ Q2               %le      0.661013093
@ DQ1              %le  -1000000.000000000
@ DQ2              %le  -1000000.000000000
@ QS               %le  -1000000.000000000
@ BETA_X_MIN       %le      0.385582006
@ BETA_X_MAX       %le     20.606287795
@ BETA_Y_MIN       %le      0.886612676
@ BETA_Y_MAX       %le     21.393526566
@ BETA11MIN        %le      0.385582006
@ BETA11MAX        %le     20.606287795
@ BETA12MIN        %le      0.000000000
@ BETA12MAX        %le      0.000000000
@ BETA13MIN        %le      0.000000000
@ BETA13MAX        %le      0.000000000
@ BETA21MIN        %le      0.000000000
@ BETA21MAX        %le      0.000000000
@ BETA22MIN        %le      0.886612676
@ BETA22MAX        %le     21.393526566
@ BETA23MIN        %le      0.000000000
@ BETA23MAX        %le      0.000000000
@ BETA31MIN        %le      0.000000000
@ BETA31MAX        %le      0.000000000
@ BETA32MIN        %le      0.000000000
@ BETA32MAX        %le      0.000000000
@ BETA33MIN        %le      0.000000000
@ BETA33MAX        %le      0.000000000
@ DISP1MIN         %le      0.000000000
@ DISP1MAX         %le      0.000000000
@ DISP2MIN         %le      0.000000000
@ DISP2MAX         %le      0.000000000
@ DISP3MIN         %le      0.000000000
@ DISP3MAX         %le      0.000000000
@ DISP4MIN         %le      0.000000000
@ DISP4MAX         %le      0.000000000
@ ORBIT_X          %le      0.000000000
@ ORBIT_PX         %le      0.000000000
@ ORBIT_Y          %le      0.000000000
@ ORBIT_PY         %le      0.000000000
@ ORBIT_PT         %le      0.000000000
@ ORBIT_T          %le      0.000000000
@ XCORMS           %le      0.000008590
@ PXCORMS          %le      0.000005360
@ YCORMS           %le      0.000000000
@ PYCORMS          %le      0.000000000
@ TCORMS           %le      0.000000000
@ PTCORMS          %le      0.000000000
@ XCOMIN           %le     -0.000015543
@ XCOMAX           %le      0.000013282
@ PXCOMIN          %le     -0.000012906
@ PXCOMAX          %le      0.000006416
@ YCOMIN           %le      0.000000000
@ YCOMAX           %le      0.000000000
@ PYCOMIN          %le      0.000000000
@ PYCOMAX          %le      0.000000000
@ TCOMIN           %le     -0.000000000
@ TCOMAX           %le     -0.000000000
@ PTCOMIN          %le      0.000000000
@ PTCOMAX          %le      0.000000000
@ TITLE            %01s "s"
@ ORIGIN           %16s "5.09.00 Linux 64"
@ DATE             %08s "04/12/23"
@ TIME             %08s "10.29.06"
* NAME               KEYWORD                          S               L         SIGMA_X         SIGMA_Y            BETX            BETY              DX              DY             MUX             MUY 
$ %s                 %s                             %le             %le             %le             %le             %le             %le             %le             %le             %le             %le 
 "GANTRY$START"      "MARKER"                0.000000000     0.000000000     0.000000000     0.000000000     8.243970000     8.243970000     0.000000000     0.000000000     0.000000000     0.000000000
 "MARK0"             "MARKER"                0.000000000     0.000000000     0.000000000     0.000000000     8.243970000     8.243970000     0.000000000     0.000000000     0.000000000     0.000000000
 "DRIFT_0"           "DRIFT"                 2.000000000     2.000000000     0.000000000     0.000000000     8.729173124     8.729173124     0.000000000     0.000000000     0.000000000     0.000000000
 "MON0"              "MONITOR"               2.000000000     0.000000000     0.000000000     0.000000000     8.729173124     8.729173124     0.000000000     0.000000000     0.000000000     0.000000000
 "DRIFT_1"           "DRIFT"                 2.500000000     0.500000000     0.000000000     0.000000000     9.002099882     9.002099882     0.000000000     0.000000000     0.000000000     0.000000000
 "M1"                "MARKER"                2.500000000     0.000000000     0.000000000     0.000000000     9.002099882     9.002099882     0.000000000     0.000000000     0.000000000     0.000000000
 "MB1"               "SBEND"                 3.277544182     0.777544182     0.000000000     0.000000000     3.148443553    18.030356766     0.000000000     0.000000000     0.000000000     0.000000000
 "MB2"               "SBEND"                 3.392735912     0.115191731     0.000000000     0.000000000     2.037959276    21.393526566     0.000000000     0.000000000     0.000000000     0.000000000
 "MB3"               "SBEND"                 4.170280094     0.777544182     0.000000000     0.000000000     0.792262250    20.858554351     0.000000000     0.000000000     0.000000000     0.000000000
 "MB4"               "SBEND"                 4.285471825     0.115191731     0.000000000     0.000000000     1.423666966    17.408110906     0.000000000     0.000000000     0.000000000     0.000000000
 "MB5"               "SBEND"                 5.063016007     0.777544182     0.000000000     0.000000000     6.770640388     6.405029998     0.000000000     0.000000000     0.000000000     0.000000000
 "DRIFT_2"           "DRIFT"                 6.863016007     1.800000000     0.000000000     0.000000000    15.021324927     1.057887290     0.000000000     0.000000000     0.000000000     0.000000000
 "COR1"              "KICKER"                6.863016007     0.000000000     0.000000000     0.000000000    15.021324927     1.057887290     0.000000000     0.000000000     0.000000000     0.000000000
 "DRIFT_3"           "DRIFT"                 7.363016007     0.500000000     0.000000000     0.000000000    18.003948693     0.886612676     0.000000000     0.000000000     0.000000000     0.000000000
 "MON1"              "MONITOR"               7.363016007     0.000000000     0.000000000     0.000000000    18.003948693     0.886612676     0.000000000     0.000000000     0.000000000     0.000000000
 "DRIFT_4"           "DRIFT"                 7.763016007     0.400000000     0.000000000     0.000000000    20.606287795     1.160945516     0.000000000     0.000000000     0.000000000     0.000000000
 "MB6"               "SBEND"                 8.540560188     0.777544182     0.000000000     0.000000000    13.672868725     3.652019555     0.000000000     0.000000000     0.000000000     0.000000000
 "MB7"               "SBEND"                 8.655751919     0.115191731     0.000000000     0.000000000    11.340144865     4.394669353     0.000000000     0.000000000     0.000000000     0.000000000
 "MB8"               "SBEND"                 9.433296101     0.777544182     0.000000000     0.000000000     5.340380516     4.514853978     0.000000000     0.000000000     0.000000000     0.000000000
 "MB9"               "SBEND"                 9.548487831     0.115191731     0.000000000     0.000000000     5.336289617     3.791085642     0.000000000     0.000000000     0.000000000     0.000000000
 "MB10"              "SBEND"                10.326032013     0.777544182     0.000000000     0.000000000     1.634274307     2.080622862     0.000000000     0.000000000     0.000000000     0.000000000
 "DRIFT_5"           "DRIFT"                10.626032013     0.300000000     0.000000000     0.000000000     0.385582006     2.288961297     0.000000000     0.000000000     0.000000000     0.000000000
 "COR2"              "KICKER"               10.626032013     0.000000000     0.000000000     0.000000000     0.385582006     2.288961297     0.000000000     0.000000000     0.000000000     0.000000000
 "DRIFT_6"           "DRIFT"                11.126032013     0.500000000     0.000000000     0.000000000     0.748707097     2.842445320     0.000000000     0.000000000     0.000000000     0.000000000
 "MON2"              "MONITOR"              11.126032013     0.000000000     0.000000000     0.000000000     0.748707097     2.842445320     0.000000000     0.000000000     0.000000000     0.000000000
 "DRIFT_7"           "DRIFT"                11.526032013     0.400000000     0.000000000     0.000000000     3.239058204     3.470860506     0.000000000     0.000000000     0.000000000     0.000000000
 "MB11"              "SBEND"                12.303576195     0.777544182     0.000000000     0.000000000     6.767369939     9.387447426     0.000000000     0.000000000     0.000000000     0.000000000
 "MB12"              "SBEND"                12.418767926     0.115191731     0.000000000     0.000000000     6.424208418    11.458942234     0.000000000     0.000000000     0.000000000     0.000000000
 "MB13"              "SBEND"                13.196312107     0.777544182     0.000000000     0.000000000     6.822875729    18.148131221     0.000000000     0.000000000     0.000000000     0.000000000
 "MB14"              "SBEND"                13.311503838     0.115191731     0.000000000     0.000000000     7.302655648    17.499760563     0.000000000     0.000000000     0.000000000     0.000000000
 "MB15"              "SBEND"                14.089048020     0.777544182     0.000000000     0.000000000     8.030346915    14.947777905     0.000000000     0.000000000     0.000000000     0.000000000
 "DRIFT_8"           "DRIFT"                17.589048020     3.500000000     0.000000000     0.000000000     3.561527920    11.850270028     0.000000000     0.000000000     0.000000000     0.000000000
 "MON3"              "MONITOR"              17.589048020     0.000000000     0.000000000     0.000000000     3.561527920    11.850270028     0.000000000     0.000000000     0.000000000     0.000000000
 "DRIFT_9"           "DRIFT"                17.839048020     0.250000000     0.000000000     0.000000000     3.510548973    11.714467512     0.000000000     0.000000000     0.000000000     0.000000000
 "ISO"               "MARKER"               17.839048020     0.000000000     0.000000000     0.000000000     3.510548973    11.714467512     0.000000000     0.000000000     0.000000000     0.000000000
 "GANTRY$END"        "MARKER"               17.839048020     0.000000000     0.000000000     0.000000000     3.510548973    11.714467512     0.000000000     0.000000000     0.000000000     0.000000000
